This is pdfTeX, Version 3.14159265-2.6-1.40.21 (MiKTeX 20.10) (preloaded format=pdflatex 2020.10.18)  18 OCT 2020 19:06
entering extended mode
**./CB.tex
(CB.tex
LaTeX2e <2020-10-01> patch level 1
L3 programming layer <2020-10-05> xparse <2020-03-03>
(C:\Users\admin\AppData\Local\Programs\MiKTeX\tex/latex/base\article.cls
Document Class: article 2020/04/10 v1.4m Standard LaTeX document class
(C:\Users\admin\AppData\Local\Programs\MiKTeX\tex/latex/base\size10.clo
File: size10.clo 2020/04/10 v1.4m Standard LaTeX file (size option)
)
\c@part=\count175
\c@section=\count176
\c@subsection=\count177
\c@subsubsection=\count178
\c@paragraph=\count179
\c@subparagraph=\count180
\c@figure=\count181
\c@table=\count182
\abovecaptionskip=\skip47
\belowcaptionskip=\skip48
\bibindent=\dimen138
) (C:\Users\admin\AppData\Local\Programs\MiKTeX\tex/latex/graphics\color.sty
Package: color 2020/02/24 v1.2b Standard LaTeX Color (DPC)
(C:\Users\admin\AppData\Local\Programs\MiKTeX\tex/latex/graphics-cfg\color.cfg
File: color.cfg 2016/01/02 v1.6 sample color configuration
)
Package color Info: Driver file: pdftex.def on input line 147.

(C:\Users\admin\AppData\Local\Programs\MiKTeX\tex/latex/graphics-def\pdftex.def
File: pdftex.def 2020/10/05 v1.2a Graphics/color driver for pdftex
)) (C:\Users\admin\AppData\Local\Programs\MiKTeX\tex/latex/base\latexsym.sty
Package: latexsym 1998/08/17 v2.2e Standard LaTeX package (lasy symbols)
\symlasy=\mathgroup4
LaTeX Font Info:    Overwriting symbol font `lasy' in version `bold'
(Font)                  U/lasy/m/n --> U/lasy/b/n on input line 52.
) (C:\Users\admin\AppData\Local\Programs\MiKTeX\tex/latex/base\ifthen.sty
Package: ifthen 2014/09/29 v1.1c Standard LaTeX ifthen package (DPC)
)
\symlength=\skip49
\equalswidth=\skip50
\charwidth=\skip51
\boxrulewd=\skip52
\boxlineht=\skip53
\boxruleht=\skip54
\boxruledp=\skip55
\pcalvspace=\skip56
\lcomindent=\skip57
\@xlen=\skip58
\templena=\skip59
\templenb=\skip60
\tempboxa=\box47
\vshadelen=\skip61
\boxwidth=\skip62
\multicommentdepth=\skip63
\c@pardepth=\count183
\tempsbox=\box48
\@cparht=\skip64
\@cpardp=\skip65
\xmcomlen=\skip66
\spacewidth=\skip67
\alignboxwidth=\skip68
\alignwidth=\skip69
\alignbox=\box49
\symtlaitalics=\mathgroup5
\c@tlx@ctr=\count184
(C:\Users\admin\AppData\Local\Programs\MiKTeX\tex/latex/tools\verbatim.sty
Package: verbatim 2019/11/10 v1.5r LaTeX2e package for verbatim enhancements
\every@verbatim=\toks15
\verbatim@line=\toks16
\verbatim@in@stream=\read2
)
(C:\Users\admin\AppData\Local\Programs\MiKTeX\tex/latex/l3backend\l3backend-pdf
tex.def
File: l3backend-pdftex.def 2020-09-24 L3 backend support: PDF output (pdfTeX)
\l__kernel_color_stack_int=\count185
\l__pdf_internal_box=\box50
) (CB.aux)
\openout1 = `CB.aux'.

LaTeX Font Info:    Checking defaults for OML/cmm/m/it on input line 939.
LaTeX Font Info:    ... okay on input line 939.
LaTeX Font Info:    Checking defaults for OMS/cmsy/m/n on input line 939.
LaTeX Font Info:    ... okay on input line 939.
LaTeX Font Info:    Checking defaults for OT1/cmr/m/n on input line 939.
LaTeX Font Info:    ... okay on input line 939.
LaTeX Font Info:    Checking defaults for T1/cmr/m/n on input line 939.
LaTeX Font Info:    ... okay on input line 939.
LaTeX Font Info:    Checking defaults for TS1/cmr/m/n on input line 939.
LaTeX Font Info:    ... okay on input line 939.
LaTeX Font Info:    Checking defaults for OMX/cmex/m/n on input line 939.
LaTeX Font Info:    ... okay on input line 939.
LaTeX Font Info:    Checking defaults for U/cmr/m/n on input line 939.
LaTeX Font Info:    ... okay on input line 939.

(C:\Users\admin\AppData\Local\Programs\MiKTeX\tex/context/base/mkii\supp-pdf.mk
ii
[Loading MPS to PDF converter (version 2006.09.02).]
\scratchcounter=\count186
\scratchdimen=\dimen139
\scratchbox=\box51
\nofMPsegments=\count187
\nofMParguments=\count188
\everyMPshowfont=\toks17
\MPscratchCnt=\count189
\MPscratchDim=\dimen140
\MPnumerator=\count190
\makeMPintoPDFobject=\count191
\everyMPtoPDFconversion=\toks18
)
LaTeX Font Info:    External font `cmex10' loaded for size
(Font)              <7> on input line 942.
LaTeX Font Info:    External font `cmex10' loaded for size
(Font)              <5> on input line 942.
LaTeX Font Info:    Trying to load font information for U+lasy on input line 94
2.
(C:\Users\admin\AppData\Local\Programs\MiKTeX\tex/latex/base\ulasy.fd
File: ulasy.fd 1998/08/17 v2.2e LaTeX symbol font definitions
)
Overfull \hbox (27.5055pt too wide) in paragraph at lines 951--952
[]\OT1/cmr/m/n/8 **************************************************************
****************************
 []

LaTeX Font Info:    Trying to load font information for OMS+cmr on input line 9
57.
(C:\Users\admin\AppData\Local\Programs\MiKTeX\tex/latex/base\omscmr.fd
File: omscmr.fd 2019/12/16 v2.5j Standard LaTeX font definitions
)
LaTeX Font Info:    Font shape `OMS/cmr/bx/n' in size <10> not available
(Font)              Font shape `OMS/cmsy/b/n' tried instead on input line 957.

Overfull \hbox (22.5055pt too wide) in paragraph at lines 1000--1001
[]\OT1/cmr/m/n/8 **************************************************************
****************************
 []

LaTeX Font Info:    External font `cmex10' loaded for size
(Font)              <8> on input line 1007.
LaTeX Font Info:    External font `cmex10' loaded for size
(Font)              <6> on input line 1007.

Overfull \hbox (14.03764pt too wide) in paragraph at lines 1003--1009
[][][][] 
 []

[1

{C:/Users/admin/AppData/Local/MiKTeX/pdftex/config/pdftex.map}]
Overfull \hbox (188.95844pt too wide) in paragraph at lines 1048--1054
[][][][] 
 []


Overfull \hbox (50.0189pt too wide) in paragraph at lines 1059--1065
[][][][] 
 []

[2] [3] (CB.aux) ) 
Here is how much of TeX's memory you used:
 1306 strings out of 480236
 18566 string characters out of 2880557
 316860 words of memory out of 3000000
 17894 multiletter control sequences out of 15000+200000
 540516 words of font info for 50 fonts, out of 3000000 for 9000
 1141 hyphenation exceptions out of 8191
 41i,10n,47p,211b,326s stack positions out of 5000i,500n,10000p,200000b,50000s
<C:/Users/admin/AppData/Local/Programs/MiKTeX/fonts/type1/pub
lic/amsfonts/cm/cmbsy10.pfb><C:/Users/admin/AppData/Local/Programs/MiKTeX/fonts
/type1/public/amsfonts/cm/cmbx10.pfb><C:/Users/admin/AppData/Local/Programs/MiK
TeX/fonts/type1/public/amsfonts/cm/cmcsc10.pfb><C:/Users/admin/AppData/Local/Pr
ograms/MiKTeX/fonts/type1/public/amsfonts/cm/cmmi10.pfb><C:/Users/admin/AppData
/Local/Programs/MiKTeX/fonts/type1/public/amsfonts/cm/cmmi8.pfb><C:/Users/admin
/AppData/Local/Programs/MiKTeX/fonts/type1/public/amsfonts/cm/cmr10.pfb><C:/Use
rs/admin/AppData/Local/Programs/MiKTeX/fonts/type1/public/amsfonts/cm/cmr5.pfb>
<C:/Users/admin/AppData/Local/Programs/MiKTeX/fonts/type1/public/amsfonts/cm/cm
r8.pfb><C:/Users/admin/AppData/Local/Programs/MiKTeX/fonts/type1/public/amsfont
s/cm/cmsy10.pfb><C:/Users/admin/AppData/Local/Programs/MiKTeX/fonts/type1/publi
c/amsfonts/cm/cmsy6.pfb><C:/Users/admin/AppData/Local/Programs/MiKTeX/fonts/typ
e1/public/amsfonts/cm/cmsy7.pfb><C:/Users/admin/AppData/Local/Programs/MiKTeX/f
onts/type1/public/amsfonts/cm/cmsy8.pfb><C:/Users/admin/AppData/Local/Programs/
MiKTeX/fonts/type1/public/amsfonts/cm/cmti10.pfb><C:/Users/admin/AppData/Local/
Programs/MiKTeX/fonts/type1/public/amsfonts/cm/cmti7.pfb><C:/Users/admin/AppDat
a/Local/Programs/MiKTeX/fonts/type1/public/amsfonts/cm/cmti8.pfb><C:/Users/admi
n/AppData/Local/Programs/MiKTeX/fonts/type1/public/amsfonts/latxfont/lasy10.pfb
><C:/Users/admin/AppData/Local/Programs/MiKTeX/fonts/type1/public/amsfonts/latx
font/lasy8.pfb>
Output written on CB.pdf (3 pages, 176053 bytes).
PDF statistics:
 80 PDF objects out of 1000 (max. 8388607)
 0 named destinations out of 1000 (max. 500000)
 1 words of extra memory for PDF output out of 10000 (max. 10000000)

